# JRE version: OpenJDK Runtime Environment (8.0_202-b03) (build 1.8.0_202-release-1483-b03)
# Java VM: OpenJDK 64-Bit Server VM (25.202-b03 mixed mode windows-amd64 compressed oops)
Heap:
 PSYoungGen      total 276480K, used 178968K [0x00000000e0000000, 0x00000000f4000000, 0x0000000100000000)
  eden space 244224K, 73% used [0x00000000e0000000,0x00000000eaec6010,0x00000000eee80000)
  from space 32256K, 0% used [0x00000000eee80000,0x00000000eee80000,0x00000000f0e00000)
  to   space 31232K, 0% used [0x00000000f2180000,0x00000000f2180000,0x00000000f4000000)
 ParOldGen       total 209408K, used 70782K [0x00000000a0000000, 0x00000000acc80000, 0x00000000e0000000)
  object space 209408K, 33% used [0x00000000a0000000,0x00000000a451fa58,0x00000000acc80000)
 Metaspace       used 102478K, capacity 106748K, committed 106968K, reserved 1142784K
  class space    used 13097K, capacity 14038K, committed 14080K, reserved 1048576K
GC Heap History (10 events):
Event: 97.761 GC heap before
{Heap before GC invocations=17 (full 3):
 PSYoungGen      total 213504K, used 213487K [0x00000000e0000000, 0x00000000f0800000, 0x0000000100000000)
  eden space 194560K, 100% used [0x00000000e0000000,0x00000000ebe00000,0x00000000ebe00000)
  from space 18944K, 99% used [0x00000000ebe00000,0x00000000ed07bc20,0x00000000ed080000)
  to   space 23040K, 0% used [0x00000000ef180000,0x00000000ef180000,0x00000000f0800000)
 ParOldGen       total 135168K, used 42718K [0x00000000a0000000, 0x00000000a8400000, 0x00000000e0000000)
  object space 135168K, 31% used [0x00000000a0000000,0x00000000a29b7a48,0x00000000a8400000)
 Metaspace       used 84343K, capacity 87758K, committed 87896K, reserved 1124352K
  class space    used 11266K, capacity 12078K, committed 12160K, reserved 1048576K
Event: 97.839 GC heap after
Heap after GC invocations=17 (full 3):
 PSYoungGen      total 245248K, used 18821K [0x00000000e0000000, 0x00000000f0900000, 0x0000000100000000)
  eden space 222208K, 0% used [0x00000000e0000000,0x00000000e0000000,0x00000000ed900000)
  from space 23040K, 81% used [0x00000000ef180000,0x00000000f03e14f0,0x00000000f0800000)
  to   space 24576K, 0% used [0x00000000ed900000,0x00000000ed900000,0x00000000ef100000)
 ParOldGen       total 135168K, used 52617K [0x00000000a0000000, 0x00000000a8400000, 0x00000000e0000000)
  object space 135168K, 38% used [0x00000000a0000000,0x00000000a33627e0,0x00000000a8400000)
 Metaspace       used 84343K, capacity 87758K, committed 87896K, reserved 1124352K
  class space    used 11266K, capacity 12078K, committed 12160K, reserved 1048576K
}
Event: 158.053 GC heap before
{Heap before GC invocations=18 (full 3):
 PSYoungGen      total 245248K, used 241029K [0x00000000e0000000, 0x00000000f0900000, 0x0000000100000000)
  eden space 222208K, 100% used [0x00000000e0000000,0x00000000ed900000,0x00000000ed900000)
  from space 23040K, 81% used [0x00000000ef180000,0x00000000f03e14f0,0x00000000f0800000)
  to   space 24576K, 0% used [0x00000000ed900000,0x00000000ed900000,0x00000000ef100000)
 ParOldGen       total 135168K, used 52617K [0x00000000a0000000, 0x00000000a8400000, 0x00000000e0000000)
  object space 135168K, 38% used [0x00000000a0000000,0x00000000a33627e0,0x00000000a8400000)
 Metaspace       used 88976K, capacity 92628K, committed 92888K, reserved 1130496K
  class space    used 11695K, capacity 12518K, committed 12544K, reserved 1048576K
Event: 158.147 GC heap after
Heap after GC invocations=18 (full 3):
 PSYoungGen      total 246784K, used 24549K [0x00000000e0000000, 0x00000000f2980000, 0x0000000100000000)
  eden space 222208K, 0% used [0x00000000e0000000,0x00000000e0000000,0x00000000ed900000)
  from space 24576K, 99% used [0x00000000ed900000,0x00000000ef0f95e8,0x00000000ef100000)
  to   space 28160K, 0% used [0x00000000f0e00000,0x00000000f0e00000,0x00000000f2980000)
 ParOldGen       total 135168K, used 52982K [0x00000000a0000000, 0x00000000a8400000, 0x00000000e0000000)
  object space 135168K, 39% used [0x00000000a0000000,0x00000000a33bd9c8,0x00000000a8400000)
 Metaspace       used 88976K, capacity 92628K, committed 92888K, reserved 1130496K
  class space    used 11695K, capacity 12518K, committed 12544K, reserved 1048576K
}
Event: 162.036 GC heap before
{Heap before GC invocations=19 (full 3):
 PSYoungGen      total 246784K, used 246757K [0x00000000e0000000, 0x00000000f2980000, 0x0000000100000000)
  eden space 222208K, 100% used [0x00000000e0000000,0x00000000ed900000,0x00000000ed900000)
  from space 24576K, 99% used [0x00000000ed900000,0x00000000ef0f95e8,0x00000000ef100000)
  to   space 28160K, 0% used [0x00000000f0e00000,0x00000000f0e00000,0x00000000f2980000)
 ParOldGen       total 135168K, used 52982K [0x00000000a0000000, 0x00000000a8400000, 0x00000000e0000000)
  object space 135168K, 39% used [0x00000000a0000000,0x00000000a33bd9c8,0x00000000a8400000)
 Metaspace       used 89363K, capacity 93058K, committed 93272K, reserved 1130496K
  class space    used 11732K, capacity 12565K, committed 12672K, reserved 1048576K
Event: 162.115 GC heap after
Heap after GC invocations=19 (full 3):
 PSYoungGen      total 272384K, used 27097K [0x00000000e0000000, 0x00000000f3980000, 0x0000000100000000)
  eden space 244224K, 0% used [0x00000000e0000000,0x00000000e0000000,0x00000000eee80000)
  from space 28160K, 96% used [0x00000000f0e00000,0x00000000f2876550,0x00000000f2980000)
  to   space 32256K, 0% used [0x00000000eee80000,0x00000000eee80000,0x00000000f0e00000)
 ParOldGen       total 135168K, used 71399K [0x00000000a0000000, 0x00000000a8400000, 0x00000000e0000000)
  object space 135168K, 52% used [0x00000000a0000000,0x00000000a45b9f18,0x00000000a8400000)
 Metaspace       used 89363K, capacity 93058K, committed 93272K, reserved 1130496K
  class space    used 11732K, capacity 12565K, committed 12672K, reserved 1048576K
}
Event: 168.536 GC heap before
{Heap before GC invocations=20 (full 3):
 PSYoungGen      total 272384K, used 191558K [0x00000000e0000000, 0x00000000f3980000, 0x0000000100000000)
  eden space 244224K, 67% used [0x00000000e0000000,0x00000000ea09b400,0x00000000eee80000)
  from space 28160K, 96% used [0x00000000f0e00000,0x00000000f2876550,0x00000000f2980000)
  to   space 32256K, 0% used [0x00000000eee80000,0x00000000eee80000,0x00000000f0e00000)
 ParOldGen       total 135168K, used 71399K [0x00000000a0000000, 0x00000000a8400000, 0x00000000e0000000)
  object space 135168K, 52% used [0x00000000a0000000,0x00000000a45b9f18,0x00000000a8400000)
 Metaspace       used 94264K, capacity 98276K, committed 98380K, reserved 1134592K
  class space    used 12183K, capacity 13056K, committed 13056K, reserved 1048576K
Event: 168.549 GC heap after
Heap after GC invocations=20 (full 3):
 PSYoungGen      total 276480K, used 7567K [0x00000000e0000000, 0x00000000f4000000, 0x0000000100000000)
  eden space 244224K, 0% used [0x00000000e0000000,0x00000000e0000000,0x00000000eee80000)
  from space 32256K, 23% used [0x00000000eee80000,0x00000000ef5e3da8,0x00000000f0e00000)
  to   space 31232K, 0% used [0x00000000f2180000,0x00000000f2180000,0x00000000f4000000)
 ParOldGen       total 135168K, used 71407K [0x00000000a0000000, 0x00000000a8400000, 0x00000000e0000000)
  object space 135168K, 52% used [0x00000000a0000000,0x00000000a45bbf18,0x00000000a8400000)
 Metaspace       used 94264K, capacity 98276K, committed 98380K, reserved 1134592K
  class space    used 12183K, capacity 13056K, committed 13056K, reserved 1048576K
}
Event: 168.549 GC heap before
{Heap before GC invocations=21 (full 4):
 PSYoungGen      total 276480K, used 7567K [0x00000000e0000000, 0x00000000f4000000, 0x0000000100000000)
  eden space 244224K, 0% used [0x00000000e0000000,0x00000000e0000000,0x00000000eee80000)
  from space 32256K, 23% used [0x00000000eee80000,0x00000000ef5e3da8,0x00000000f0e00000)
  to   space 31232K, 0% used [0x00000000f2180000,0x00000000f2180000,0x00000000f4000000)
 ParOldGen       total 135168K, used 71407K [0x00000000a0000000, 0x00000000a8400000, 0x00000000e0000000)
  object space 135168K, 52% used [0x00000000a0000000,0x00000000a45bbf18,0x00000000a8400000)
 Metaspace       used 94264K, capacity 98276K, committed 98380K, reserved 1134592K
  class space    used 12183K, capacity 13056K, committed 13056K, reserved 1048576K
Event: 169.413 GC heap after
Heap after GC invocations=21 (full 4):
 PSYoungGen      total 276480K, used 0K [0x00000000e0000000, 0x00000000f4000000, 0x0000000100000000)
  eden space 244224K, 0% used [0x00000000e0000000,0x00000000e0000000,0x00000000eee80000)
  from space 32256K, 0% used [0x00000000eee80000,0x00000000eee80000,0x00000000f0e00000)
  to   space 31232K, 0% used [0x00000000f2180000,0x00000000f2180000,0x00000000f4000000)
 ParOldGen       total 209408K, used 70782K [0x00000000a0000000, 0x00000000acc80000, 0x00000000e0000000)
  object space 209408K, 33% used [0x00000000a0000000,0x00000000a451fa58,0x00000000acc80000)
 Metaspace       used 94145K, capacity 97964K, committed 98380K, reserved 1134592K
  class space    used 12147K, capacity 13001K, committed 13056K, reserved 1048576K
}

