# JRE version: OpenJDK Runtime Environment (8.0_202-b03) (build 1.8.0_202-release-1483-b03)
# Java VM: OpenJDK 64-Bit Server VM (25.202-b03 mixed mode windows-amd64 compressed oops)
Heap:
 PSYoungGen      total 300544K, used 190876K [0x00000000e0000000, 0x00000000f6b00000, 0x0000000100000000)
  eden space 252416K, 61% used [0x00000000e0000000,0x00000000e97ec700,0x00000000ef680000)
  from space 48128K, 73% used [0x00000000ef680000,0x00000000f18fa9d0,0x00000000f2580000)
  to   space 50688K, 0% used [0x00000000f3980000,0x00000000f3980000,0x00000000f6b00000)
 ParOldGen       total 124928K, used 97717K [0x00000000a0000000, 0x00000000a7a00000, 0x00000000e0000000)
  object space 124928K, 78% used [0x00000000a0000000,0x00000000a5f6d448,0x00000000a7a00000)
 Metaspace       used 79166K, capacity 82632K, committed 82776K, reserved 1120256K
  class space    used 10366K, capacity 11118K, committed 11136K, reserved 1048576K
GC Heap History (10 events):
Event: 92.887 GC heap before
{Heap before GC invocations=34 (full 7):
 PSYoungGen      total 278528K, used 264016K [0x00000000e0000000, 0x00000000f3780000, 0x0000000100000000)
  eden space 240128K, 100% used [0x00000000e0000000,0x00000000eea80000,0x00000000eea80000)
  from space 38400K, 62% used [0x00000000f1080000,0x00000000f27d42a8,0x00000000f3600000)
  to   space 38912K, 0% used [0x00000000eea80000,0x00000000eea80000,0x00000000f1080000)
 ParOldGen       total 124928K, used 97709K [0x00000000a0000000, 0x00000000a7a00000, 0x00000000e0000000)
  object space 124928K, 78% used [0x00000000a0000000,0x00000000a5f6b448,0x00000000a7a00000)
 Metaspace       used 78933K, capacity 82306K, committed 82520K, reserved 1120256K
  class space    used 10340K, capacity 11091K, committed 11136K, reserved 1048576K
Event: 92.929 GC heap after
Heap after GC invocations=34 (full 7):
 PSYoungGen      total 279040K, used 25650K [0x00000000e0000000, 0x00000000f4080000, 0x0000000100000000)
  eden space 240128K, 0% used [0x00000000e0000000,0x00000000e0000000,0x00000000eea80000)
  from space 38912K, 65% used [0x00000000eea80000,0x00000000f038c9f0,0x00000000f1080000)
  to   space 39424K, 0% used [0x00000000f1a00000,0x00000000f1a00000,0x00000000f4080000)
 ParOldGen       total 124928K, used 97717K [0x00000000a0000000, 0x00000000a7a00000, 0x00000000e0000000)
  object space 124928K, 78% used [0x00000000a0000000,0x00000000a5f6d448,0x00000000a7a00000)
 Metaspace       used 78933K, capacity 82306K, committed 82520K, reserved 1120256K
  class space    used 10340K, capacity 11091K, committed 11136K, reserved 1048576K
}
Event: 94.379 GC heap before
{Heap before GC invocations=35 (full 7):
 PSYoungGen      total 279040K, used 265778K [0x00000000e0000000, 0x00000000f4080000, 0x0000000100000000)
  eden space 240128K, 100% used [0x00000000e0000000,0x00000000eea80000,0x00000000eea80000)
  from space 38912K, 65% used [0x00000000eea80000,0x00000000f038c9f0,0x00000000f1080000)
  to   space 39424K, 0% used [0x00000000f1a00000,0x00000000f1a00000,0x00000000f4080000)
 ParOldGen       total 124928K, used 97717K [0x00000000a0000000, 0x00000000a7a00000, 0x00000000e0000000)
  object space 124928K, 78% used [0x00000000a0000000,0x00000000a5f6d448,0x00000000a7a00000)
 Metaspace       used 78947K, capacity 82370K, committed 82520K, reserved 1120256K
  class space    used 10340K, capacity 11091K, committed 11136K, reserved 1048576K
Event: 94.435 GC heap after
Heap after GC invocations=35 (full 7):
 PSYoungGen      total 286208K, used 29954K [0x00000000e0000000, 0x00000000f4600000, 0x0000000100000000)
  eden space 246784K, 0% used [0x00000000e0000000,0x00000000e0000000,0x00000000ef100000)
  from space 39424K, 75% used [0x00000000f1a00000,0x00000000f3740a10,0x00000000f4080000)
  to   space 41984K, 0% used [0x00000000ef100000,0x00000000ef100000,0x00000000f1a00000)
 ParOldGen       total 124928K, used 97717K [0x00000000a0000000, 0x00000000a7a00000, 0x00000000e0000000)
  object space 124928K, 78% used [0x00000000a0000000,0x00000000a5f6d448,0x00000000a7a00000)
 Metaspace       used 78947K, capacity 82370K, committed 82520K, reserved 1120256K
  class space    used 10340K, capacity 11091K, committed 11136K, reserved 1048576K
}
Event: 97.208 GC heap before
{Heap before GC invocations=36 (full 7):
 PSYoungGen      total 286208K, used 276738K [0x00000000e0000000, 0x00000000f4600000, 0x0000000100000000)
  eden space 246784K, 100% used [0x00000000e0000000,0x00000000ef100000,0x00000000ef100000)
  from space 39424K, 75% used [0x00000000f1a00000,0x00000000f3740a10,0x00000000f4080000)
  to   space 41984K, 0% used [0x00000000ef100000,0x00000000ef100000,0x00000000f1a00000)
 ParOldGen       total 124928K, used 97717K [0x00000000a0000000, 0x00000000a7a00000, 0x00000000e0000000)
  object space 124928K, 78% used [0x00000000a0000000,0x00000000a5f6d448,0x00000000a7a00000)
 Metaspace       used 79129K, capacity 82612K, committed 82776K, reserved 1120256K
  class space    used 10364K, capacity 11116K, committed 11136K, reserved 1048576K
Event: 97.262 GC heap after
Heap after GC invocations=36 (full 7):
 PSYoungGen      total 288768K, used 33851K [0x00000000e0000000, 0x00000000f5180000, 0x0000000100000000)
  eden space 246784K, 0% used [0x00000000e0000000,0x00000000e0000000,0x00000000ef100000)
  from space 41984K, 80% used [0x00000000ef100000,0x00000000f120ec00,0x00000000f1a00000)
  to   space 45056K, 0% used [0x00000000f2580000,0x00000000f2580000,0x00000000f5180000)
 ParOldGen       total 124928K, used 97717K [0x00000000a0000000, 0x00000000a7a00000, 0x00000000e0000000)
  object space 124928K, 78% used [0x00000000a0000000,0x00000000a5f6d448,0x00000000a7a00000)
 Metaspace       used 79129K, capacity 82612K, committed 82776K, reserved 1120256K
  class space    used 10364K, capacity 11116K, committed 11136K, reserved 1048576K
}
Event: 98.699 GC heap before
{Heap before GC invocations=37 (full 7):
 PSYoungGen      total 288768K, used 280635K [0x00000000e0000000, 0x00000000f5180000, 0x0000000100000000)
  eden space 246784K, 100% used [0x00000000e0000000,0x00000000ef100000,0x00000000ef100000)
  from space 41984K, 80% used [0x00000000ef100000,0x00000000f120ec00,0x00000000f1a00000)
  to   space 45056K, 0% used [0x00000000f2580000,0x00000000f2580000,0x00000000f5180000)
 ParOldGen       total 124928K, used 97717K [0x00000000a0000000, 0x00000000a7a00000, 0x00000000e0000000)
  object space 124928K, 78% used [0x00000000a0000000,0x00000000a5f6d448,0x00000000a7a00000)
 Metaspace       used 79138K, capacity 82616K, committed 82776K, reserved 1120256K
  class space    used 10365K, capacity 11116K, committed 11136K, reserved 1048576K
Event: 98.762 GC heap after
Heap after GC invocations=37 (full 7):
 PSYoungGen      total 297472K, used 36447K [0x00000000e0000000, 0x00000000f5800000, 0x0000000100000000)
  eden space 252416K, 0% used [0x00000000e0000000,0x00000000e0000000,0x00000000ef680000)
  from space 45056K, 80% used [0x00000000f2580000,0x00000000f4917ea8,0x00000000f5180000)
  to   space 48128K, 0% used [0x00000000ef680000,0x00000000ef680000,0x00000000f2580000)
 ParOldGen       total 124928K, used 97717K [0x00000000a0000000, 0x00000000a7a00000, 0x00000000e0000000)
  object space 124928K, 78% used [0x00000000a0000000,0x00000000a5f6d448,0x00000000a7a00000)
 Metaspace       used 79138K, capacity 82616K, committed 82776K, reserved 1120256K
  class space    used 10365K, capacity 11116K, committed 11136K, reserved 1048576K
}
Event: 100.857 GC heap before
{Heap before GC invocations=38 (full 7):
 PSYoungGen      total 297472K, used 288863K [0x00000000e0000000, 0x00000000f5800000, 0x0000000100000000)
  eden space 252416K, 100% used [0x00000000e0000000,0x00000000ef680000,0x00000000ef680000)
  from space 45056K, 80% used [0x00000000f2580000,0x00000000f4917ea8,0x00000000f5180000)
  to   space 48128K, 0% used [0x00000000ef680000,0x00000000ef680000,0x00000000f2580000)
 ParOldGen       total 124928K, used 97717K [0x00000000a0000000, 0x00000000a7a00000, 0x00000000e0000000)
  object space 124928K, 78% used [0x00000000a0000000,0x00000000a5f6d448,0x00000000a7a00000)
 Metaspace       used 79152K, capacity 82620K, committed 82776K, reserved 1120256K
  class space    used 10365K, capacity 11116K, committed 11136K, reserved 1048576K
Event: 101.372 GC heap after
Heap after GC invocations=38 (full 7):
 PSYoungGen      total 300544K, used 35306K [0x00000000e0000000, 0x00000000f6b00000, 0x0000000100000000)
  eden space 252416K, 0% used [0x00000000e0000000,0x00000000e0000000,0x00000000ef680000)
  from space 48128K, 73% used [0x00000000ef680000,0x00000000f18fa9d0,0x00000000f2580000)
  to   space 50688K, 0% used [0x00000000f3980000,0x00000000f3980000,0x00000000f6b00000)
 ParOldGen       total 124928K, used 97717K [0x00000000a0000000, 0x00000000a7a00000, 0x00000000e0000000)
  object space 124928K, 78% used [0x00000000a0000000,0x00000000a5f6d448,0x00000000a7a00000)
 Metaspace       used 79152K, capacity 82620K, committed 82776K, reserved 1120256K
  class space    used 10365K, capacity 11116K, committed 11136K, reserved 1048576K
}

