# JRE version: OpenJDK Runtime Environment (8.0_202-b03) (build 1.8.0_202-release-1483-b03)
# Java VM: OpenJDK 64-Bit Server VM (25.202-b03 mixed mode windows-amd64 compressed oops)
Heap:
 PSYoungGen      total 392704K, used 222958K [0x00000000e0000000, 0x00000000fb380000, 0x0000000100000000)
  eden space 349696K, 62% used [0x00000000e0000000,0x00000000ed3dfb50,0x00000000f5580000)
  from space 43008K, 13% used [0x00000000f8180000,0x00000000f875c020,0x00000000fab80000)
  to   space 45056K, 0% used [0x00000000f5580000,0x00000000f5580000,0x00000000f8180000)
 ParOldGen       total 148992K, used 115035K [0x00000000a0000000, 0x00000000a9180000, 0x00000000e0000000)
  object space 148992K, 77% used [0x00000000a0000000,0x00000000a7056c60,0x00000000a9180000)
 Metaspace       used 84516K, capacity 88842K, committed 91432K, reserved 1128448K
  class space    used 10963K, capacity 11743K, committed 12328K, reserved 1048576K
GC Heap History (10 events):
Event: 1865.858 GC heap before
{Heap before GC invocations=42 (full 4):
 PSYoungGen      total 394752K, used 378732K [0x00000000e0000000, 0x00000000fb380000, 0x0000000100000000)
  eden space 349696K, 100% used [0x00000000e0000000,0x00000000f5580000,0x00000000f5580000)
  from space 45056K, 64% used [0x00000000f5580000,0x00000000f71db068,0x00000000f8180000)
  to   space 43008K, 0% used [0x00000000f8180000,0x00000000f8180000,0x00000000fab80000)
 ParOldGen       total 148992K, used 86971K [0x00000000a0000000, 0x00000000a9180000, 0x00000000e0000000)
  object space 148992K, 58% used [0x00000000a0000000,0x00000000a54eed88,0x00000000a9180000)
 Metaspace       used 84300K, capacity 88522K, committed 91176K, reserved 1128448K
  class space    used 10945K, capacity 11711K, committed 12328K, reserved 1048576K
Event: 1865.880 GC heap after
Heap after GC invocations=42 (full 4):
 PSYoungGen      total 392704K, used 22604K [0x00000000e0000000, 0x00000000fb380000, 0x0000000100000000)
  eden space 349696K, 0% used [0x00000000e0000000,0x00000000e0000000,0x00000000f5580000)
  from space 43008K, 52% used [0x00000000f8180000,0x00000000f9793000,0x00000000fab80000)
  to   space 45056K, 0% used [0x00000000f5580000,0x00000000f5580000,0x00000000f8180000)
 ParOldGen       total 148992K, used 86971K [0x00000000a0000000, 0x00000000a9180000, 0x00000000e0000000)
  object space 148992K, 58% used [0x00000000a0000000,0x00000000a54eed88,0x00000000a9180000)
 Metaspace       used 84300K, capacity 88522K, committed 91176K, reserved 1128448K
  class space    used 10945K, capacity 11711K, committed 12328K, reserved 1048576K
}
Event: 1866.992 GC heap before
{Heap before GC invocations=43 (full 4):
 PSYoungGen      total 392704K, used 372300K [0x00000000e0000000, 0x00000000fb380000, 0x0000000100000000)
  eden space 349696K, 100% used [0x00000000e0000000,0x00000000f5580000,0x00000000f5580000)
  from space 43008K, 52% used [0x00000000f8180000,0x00000000f9793000,0x00000000fab80000)
  to   space 45056K, 0% used [0x00000000f5580000,0x00000000f5580000,0x00000000f8180000)
 ParOldGen       total 148992K, used 86971K [0x00000000a0000000, 0x00000000a9180000, 0x00000000e0000000)
  object space 148992K, 58% used [0x00000000a0000000,0x00000000a54eed88,0x00000000a9180000)
 Metaspace       used 84302K, capacity 88522K, committed 91176K, reserved 1128448K
  class space    used 10946K, capacity 11711K, committed 12328K, reserved 1048576K
Event: 1867.084 GC heap after
Heap after GC invocations=43 (full 4):
 PSYoungGen      total 394752K, used 30283K [0x00000000e0000000, 0x00000000fb380000, 0x0000000100000000)
  eden space 349696K, 0% used [0x00000000e0000000,0x00000000e0000000,0x00000000f5580000)
  from space 45056K, 67% used [0x00000000f5580000,0x00000000f7312c50,0x00000000f8180000)
  to   space 43008K, 0% used [0x00000000f8180000,0x00000000f8180000,0x00000000fab80000)
 ParOldGen       total 148992K, used 86971K [0x00000000a0000000, 0x00000000a9180000, 0x00000000e0000000)
  object space 148992K, 58% used [0x00000000a0000000,0x00000000a54eed88,0x00000000a9180000)
 Metaspace       used 84302K, capacity 88522K, committed 91176K, reserved 1128448K
  class space    used 10946K, capacity 11711K, committed 12328K, reserved 1048576K
}
Event: 1868.425 GC heap before
{Heap before GC invocations=44 (full 4):
 PSYoungGen      total 394752K, used 379979K [0x00000000e0000000, 0x00000000fb380000, 0x0000000100000000)
  eden space 349696K, 100% used [0x00000000e0000000,0x00000000f5580000,0x00000000f5580000)
  from space 45056K, 67% used [0x00000000f5580000,0x00000000f7312c50,0x00000000f8180000)
  to   space 43008K, 0% used [0x00000000f8180000,0x00000000f8180000,0x00000000fab80000)
 ParOldGen       total 148992K, used 86971K [0x00000000a0000000, 0x00000000a9180000, 0x00000000e0000000)
  object space 148992K, 58% used [0x00000000a0000000,0x00000000a54eed88,0x00000000a9180000)
 Metaspace       used 84315K, capacity 88522K, committed 91176K, reserved 1128448K
  class space    used 10946K, capacity 11711K, committed 12328K, reserved 1048576K
Event: 1868.549 GC heap after
Heap after GC invocations=44 (full 4):
 PSYoungGen      total 392704K, used 9973K [0x00000000e0000000, 0x00000000fb380000, 0x0000000100000000)
  eden space 349696K, 0% used [0x00000000e0000000,0x00000000e0000000,0x00000000f5580000)
  from space 43008K, 23% used [0x00000000f8180000,0x00000000f8b3d5c0,0x00000000fab80000)
  to   space 45056K, 0% used [0x00000000f5580000,0x00000000f5580000,0x00000000f8180000)
 ParOldGen       total 148992K, used 105201K [0x00000000a0000000, 0x00000000a9180000, 0x00000000e0000000)
  object space 148992K, 70% used [0x00000000a0000000,0x00000000a66bc628,0x00000000a9180000)
 Metaspace       used 84315K, capacity 88522K, committed 91176K, reserved 1128448K
  class space    used 10946K, capacity 11711K, committed 12328K, reserved 1048576K
}
Event: 1870.504 GC heap before
{Heap before GC invocations=45 (full 4):
 PSYoungGen      total 392704K, used 359669K [0x00000000e0000000, 0x00000000fb380000, 0x0000000100000000)
  eden space 349696K, 100% used [0x00000000e0000000,0x00000000f5580000,0x00000000f5580000)
  from space 43008K, 23% used [0x00000000f8180000,0x00000000f8b3d5c0,0x00000000fab80000)
  to   space 45056K, 0% used [0x00000000f5580000,0x00000000f5580000,0x00000000f8180000)
 ParOldGen       total 148992K, used 105201K [0x00000000a0000000, 0x00000000a9180000, 0x00000000e0000000)
  object space 148992K, 70% used [0x00000000a0000000,0x00000000a66bc628,0x00000000a9180000)
 Metaspace       used 84334K, capacity 88546K, committed 91176K, reserved 1128448K
  class space    used 10948K, capacity 11715K, committed 12328K, reserved 1048576K
Event: 1870.574 GC heap after
Heap after GC invocations=45 (full 4):
 PSYoungGen      total 394752K, used 8694K [0x00000000e0000000, 0x00000000fb380000, 0x0000000100000000)
  eden space 349696K, 0% used [0x00000000e0000000,0x00000000e0000000,0x00000000f5580000)
  from space 45056K, 19% used [0x00000000f5580000,0x00000000f5dfdad8,0x00000000f8180000)
  to   space 43008K, 0% used [0x00000000f8180000,0x00000000f8180000,0x00000000fab80000)
 ParOldGen       total 148992K, used 108758K [0x00000000a0000000, 0x00000000a9180000, 0x00000000e0000000)
  object space 148992K, 72% used [0x00000000a0000000,0x00000000a6a35ac8,0x00000000a9180000)
 Metaspace       used 84334K, capacity 88546K, committed 91176K, reserved 1128448K
  class space    used 10948K, capacity 11715K, committed 12328K, reserved 1048576K
}
Event: 1872.862 GC heap before
{Heap before GC invocations=46 (full 4):
 PSYoungGen      total 394752K, used 358390K [0x00000000e0000000, 0x00000000fb380000, 0x0000000100000000)
  eden space 349696K, 100% used [0x00000000e0000000,0x00000000f5580000,0x00000000f5580000)
  from space 45056K, 19% used [0x00000000f5580000,0x00000000f5dfdad8,0x00000000f8180000)
  to   space 43008K, 0% used [0x00000000f8180000,0x00000000f8180000,0x00000000fab80000)
 ParOldGen       total 148992K, used 108758K [0x00000000a0000000, 0x00000000a9180000, 0x00000000e0000000)
  object space 148992K, 72% used [0x00000000a0000000,0x00000000a6a35ac8,0x00000000a9180000)
 Metaspace       used 84483K, capacity 88842K, committed 91432K, reserved 1128448K
  class space    used 10963K, capacity 11743K, committed 12328K, reserved 1048576K
Event: 1872.925 GC heap after
Heap after GC invocations=46 (full 4):
 PSYoungGen      total 392704K, used 6000K [0x00000000e0000000, 0x00000000fb380000, 0x0000000100000000)
  eden space 349696K, 0% used [0x00000000e0000000,0x00000000e0000000,0x00000000f5580000)
  from space 43008K, 13% used [0x00000000f8180000,0x00000000f875c020,0x00000000fab80000)
  to   space 45056K, 0% used [0x00000000f5580000,0x00000000f5580000,0x00000000f8180000)
 ParOldGen       total 148992K, used 115035K [0x00000000a0000000, 0x00000000a9180000, 0x00000000e0000000)
  object space 148992K, 77% used [0x00000000a0000000,0x00000000a7056c60,0x00000000a9180000)
 Metaspace       used 84483K, capacity 88842K, committed 91432K, reserved 1128448K
  class space    used 10963K, capacity 11743K, committed 12328K, reserved 1048576K
}

